c:\users\eric\onedrive\documentos\github\motores3d\to work\exp_engine_sol\debug\vc142.pdb
c:\users\eric\onedrive\documentos\github\motores3d\to work\exp_engine_sol\debug\vc142.idb
c:\users\eric\onedrive\documentos\github\motores3d\to work\exp_engine_sol\debug\cylinder.obj
c:\users\eric\onedrive\documentos\github\motores3d\to work\exp_engine_sol\debug\cone.obj
c:\users\eric\onedrive\documentos\github\motores3d\to work\exp_engine_sol\debug\circle.obj
c:\users\eric\onedrive\documentos\github\motores3d\to work\exp_engine_sol\debug\capsule.obj
c:\users\eric\onedrive\documentos\github\motores3d\to work\exp_engine_sol\debug\aabb.obj
c:\users\eric\onedrive\documentos\github\motores3d\to work\exp_engine_sol\debug\lcg.obj
c:\users\eric\onedrive\documentos\github\motores3d\to work\exp_engine_sol\debug\main.obj
c:\users\eric\onedrive\documentos\github\motores3d\to work\exp_engine_sol\debug\log.obj
c:\users\eric\onedrive\documentos\github\motores3d\to work\exp_engine_sol\debug\light.obj
c:\users\eric\onedrive\documentos\github\motores3d\to work\exp_engine_sol\debug\imgui_widgets.obj
c:\users\eric\onedrive\documentos\github\motores3d\to work\exp_engine_sol\debug\imgui_tables.obj
c:\users\eric\onedrive\documentos\github\motores3d\to work\exp_engine_sol\debug\imgui_draw.obj
c:\users\eric\onedrive\documentos\github\motores3d\to work\exp_engine_sol\debug\imgui_demo.obj
c:\users\eric\onedrive\documentos\github\motores3d\to work\exp_engine_sol\debug\imgui.obj
c:\users\eric\onedrive\documentos\github\motores3d\to work\exp_engine_sol\debug\imgui_impl_sdlrenderer2.obj
c:\users\eric\onedrive\documentos\github\motores3d\to work\exp_engine_sol\debug\imgui_impl_sdl2.obj
c:\users\eric\onedrive\documentos\github\motores3d\to work\exp_engine_sol\debug\imgui_impl_opengl3.obj
c:\users\eric\onedrive\documentos\github\motores3d\to work\exp_engine_sol\debug\glmath.obj
c:\users\eric\onedrive\documentos\github\motores3d\to work\exp_engine_sol\debug\color.obj
c:\users\eric\onedrive\documentos\github\motores3d\to work\exp_engine_sol\debug\application.obj
c:\users\eric\onedrive\documentos\github\motores3d\to work\exp_engine_sol\debug\mathlog.obj
c:\users\eric\onedrive\documentos\github\motores3d\to work\exp_engine_sol\debug\mathfunc.obj
c:\users\eric\onedrive\documentos\github\motores3d\to work\exp_engine_sol\debug\float4x4.obj
c:\users\eric\onedrive\documentos\github\motores3d\to work\exp_engine_sol\debug\float4.obj
c:\users\eric\onedrive\documentos\github\motores3d\to work\exp_engine_sol\debug\float3x4.obj
c:\users\eric\onedrive\documentos\github\motores3d\to work\exp_engine_sol\debug\float3x3.obj
c:\users\eric\onedrive\documentos\github\motores3d\to work\exp_engine_sol\debug\float3.obj
c:\users\eric\onedrive\documentos\github\motores3d\to work\exp_engine_sol\debug\float2.obj
c:\users\eric\onedrive\documentos\github\motores3d\to work\exp_engine_sol\debug\bitops.obj
c:\users\eric\onedrive\documentos\github\motores3d\to work\exp_engine_sol\debug\trianglemesh.obj
c:\users\eric\onedrive\documentos\github\motores3d\to work\exp_engine_sol\debug\triangle.obj
c:\users\eric\onedrive\documentos\github\motores3d\to work\exp_engine_sol\debug\sphere.obj
c:\users\eric\onedrive\documentos\github\motores3d\to work\exp_engine_sol\debug\ray.obj
c:\users\eric\onedrive\documentos\github\motores3d\to work\exp_engine_sol\debug\polyhedron.obj
c:\users\eric\onedrive\documentos\github\motores3d\to work\exp_engine_sol\debug\polygon.obj
c:\users\eric\onedrive\documentos\github\motores3d\to work\exp_engine_sol\debug\plane.obj
c:\users\eric\onedrive\documentos\github\motores3d\to work\exp_engine_sol\debug\obb.obj
c:\users\eric\onedrive\documentos\github\motores3d\to work\exp_engine_sol\debug\linesegment.obj
c:\users\eric\onedrive\documentos\github\motores3d\to work\exp_engine_sol\debug\line.obj
c:\users\eric\onedrive\documentos\github\motores3d\to work\exp_engine_sol\debug\frustum.obj
c:\users\eric\onedrive\documentos\github\motores3d\to work\exp_engine_sol\debug\timer.obj
c:\users\eric\onedrive\documentos\github\motores3d\to work\exp_engine_sol\debug\primitive.obj
c:\users\eric\onedrive\documentos\github\motores3d\to work\exp_engine_sol\debug\modulewindow.obj
c:\users\eric\onedrive\documentos\github\motores3d\to work\exp_engine_sol\debug\modulerenderer3d.obj
c:\users\eric\onedrive\documentos\github\motores3d\to work\exp_engine_sol\debug\moduleinput.obj
c:\users\eric\onedrive\documentos\github\motores3d\to work\exp_engine_sol\debug\moduleeditor.obj
c:\users\eric\onedrive\documentos\github\motores3d\to work\exp_engine_sol\debug\modulecamera3d.obj
c:\users\eric\onedrive\documentos\github\motores3d\to work\exp_engine_sol\debug\mmgr.obj
c:\users\eric\onedrive\documentos\github\motores3d\to work\exp_engine_sol\debug\clock.obj
c:\users\eric\onedrive\documentos\github\motores3d\to work\exp_engine_sol\debug\transformops.obj
c:\users\eric\onedrive\documentos\github\motores3d\to work\exp_engine_sol\debug\ssemath.obj
c:\users\eric\onedrive\documentos\github\motores3d\to work\exp_engine_sol\debug\quat.obj
c:\users\eric\onedrive\documentos\github\motores3d\to work\exp_engine_sol\debug\polynomial.obj
c:\users\eric\onedrive\documentos\github\motores3d\to work\exp_engine_sol\debug\mathops.obj
c:\users\eric\onedrive\documentos\github\motores3d\to work\exp_engine_sol\debug\parson.obj
c:\users\eric\onedrive\documentos\github\motores3d\to work\exp_engine_sol\debug\moduleeditor.obj.enc
c:\users\eric\onedrive\documentos\github\motores3d\to work\exp_engine_sol\debug\platypus engine.pdb
c:\users\eric\onedrive\documentos\github\motores3d\to work\exp_engine_sol\debug\platypus engine.tlog\cl.command.1.tlog
c:\users\eric\onedrive\documentos\github\motores3d\to work\exp_engine_sol\debug\platypus engine.tlog\cl.read.1.tlog
c:\users\eric\onedrive\documentos\github\motores3d\to work\exp_engine_sol\debug\platypus engine.tlog\cl.write.1.tlog
c:\users\eric\onedrive\documentos\github\motores3d\to work\exp_engine_sol\debug\platypus engine.tlog\link.20856-cvtres.read.1.tlog
c:\users\eric\onedrive\documentos\github\motores3d\to work\exp_engine_sol\debug\platypus engine.tlog\link.20856-cvtres.write.1.tlog
c:\users\eric\onedrive\documentos\github\motores3d\to work\exp_engine_sol\debug\platypus engine.tlog\link.20856-rc.read.1.tlog
c:\users\eric\onedrive\documentos\github\motores3d\to work\exp_engine_sol\debug\platypus engine.tlog\link.20856-rc.write.1.tlog
c:\users\eric\onedrive\documentos\github\motores3d\to work\exp_engine_sol\debug\platypus engine.tlog\link.20856.read.1.tlog
c:\users\eric\onedrive\documentos\github\motores3d\to work\exp_engine_sol\debug\platypus engine.tlog\link.20856.write.1.tlog
c:\users\eric\onedrive\documentos\github\motores3d\to work\exp_engine_sol\debug\platypus engine.tlog\link.command.1.tlog
c:\users\eric\onedrive\documentos\github\motores3d\to work\exp_engine_sol\debug\platypus engine.tlog\link.read.1.tlog
c:\users\eric\onedrive\documentos\github\motores3d\to work\exp_engine_sol\debug\platypus engine.tlog\link.write.1.tlog
