 ---------------------------------------------------------------------------------------------------------------------------------- 
|                                          Memory leak report for:  10/27/2023 19:49:57                                            |
 ---------------------------------------------------------------------------------------------------------------------------------- 


31 memory leaks found:

Alloc.   Addr       Size       Addr       Size                        BreakOn BreakOn              
Number Reported   Reported    Actual     Actual     Unused    Method  Dealloc Realloc Allocated by 
------ ---------- ---------- ---------- ---------- ---------- -------- ------- ------- --------------------------------------------------- 
002599 0x03B30960 0x00000034 0x03B30950 0x00000054 0x00000000 new         N       N    ??(00000)::??
003776 0x03B30A20 0x00000034 0x03B30A10 0x00000054 0x00000000 new         N       N    ??(00000)::??
003945 0x03B30A80 0x00000034 0x03B30A70 0x00000054 0x00000000 new         N       N    ??(00000)::??
000024 0x03B30AE0 0x00000034 0x03B30AD0 0x00000054 0x00000000 new         N       N    ??(00000)::??
004055 0x03B30B40 0x00000034 0x03B30B30 0x00000054 0x00000000 new         N       N    ??(00000)::??
003718 0x03B30C00 0x00000034 0x03B30BF0 0x00000054 0x00000000 new         N       N    ??(00000)::??
003996 0x03B30FC0 0x00000034 0x03B30FB0 0x00000054 0x00000000 new         N       N    ??(00000)::??
000016 0x01592158 0x00000004 0x01592148 0x00000024 0x00000000 new         N       N    ??(00000)::??
003777 0x03B32650 0x00005D00 0x03B32640 0x00005D20 0x00000000 new[]       N       N    ??(00000)::??
003780 0x09C635A8 0x00001F00 0x09C63598 0x00001F20 0x00000000 new[]       N       N    ??(00000)::??
003779 0x09C75928 0x00002D00 0x09C75918 0x00002D20 0x00000000 new[]       N       N    ??(00000)::??
003946 0x03B260C0 0x00005D00 0x03B260B0 0x00005D20 0x00000000 new[]       N       N    ??(00000)::??
002601 0x09C26638 0x00002D00 0x09C26628 0x00002D20 0x00000000 new[]       N       N    ??(00000)::??
003720 0x03D66A68 0x00002D00 0x03D66A58 0x00002D20 0x00000000 new[]       N       N    ??(00000)::??
003999 0x09CB7A18 0x00001F00 0x09CB7A08 0x00001F20 0x00000000 new[]       N       N    ??(00000)::??
003719 0x03AA8060 0x00005D00 0x03AA8050 0x00005D20 0x00000000 new[]       N       N    ??(00000)::??
004056 0x03D58960 0x00005D00 0x03D58950 0x00005D20 0x00000000 new[]       N       N    ??(00000)::??
000028 0x03B38BD0 0x00000300 0x03B38BC0 0x00000320 0x00000000 new[]       N       N    ??(00000)::??
000015 0x01578E00 0x00000060 0x01578DF0 0x00000080 0x0000000C new         N       N    ??(00000)::??
004057 0x03C29000 0x00002D00 0x03C28FF0 0x00002D20 0x00000000 new[]       N       N    ??(00000)::??
002602 0x03B89668 0x00001F00 0x03B89658 0x00001F20 0x00000000 new[]       N       N    ??(00000)::??
000025 0x03D4A8E0 0x00000900 0x03D4A8D0 0x00000920 0x00000000 new[]       N       N    ??(00000)::??
000027 0x03D4B208 0x000005D0 0x03D4B1F8 0x000005F0 0x00000000 new[]       N       N    ??(00000)::??
003997 0x03D4B800 0x00005D00 0x03D4B7F0 0x00005D20 0x00000000 new[]       N       N    ??(00000)::??
004058 0x03ABBA88 0x00001F00 0x03ABBA78 0x00001F20 0x00000000 new[]       N       N    ??(00000)::??
003947 0x03B2BDE8 0x00002D00 0x03B2BDD8 0x00002D20 0x00000000 new[]       N       N    ??(00000)::??
003998 0x03AFC860 0x00002D00 0x03AFC850 0x00002D20 0x00000000 new[]       N       N    ??(00000)::??
000013 0x0159CCF0 0x0000003C 0x0159CCE0 0x0000005C 0x00000004 new         N       N    ??(00000)::??
003948 0x03B3D3E8 0x00001F00 0x03B3D3D8 0x00001F20 0x00000000 new[]       N       N    ??(00000)::??
003721 0x03AADD88 0x00001F00 0x03AADD78 0x00001F20 0x00000000 new[]       N       N    ??(00000)::??
002600 0x03C2EA98 0x00005D00 0x03C2EA88 0x00005D20 0x00000000 new[]       N       N    ??(00000)::??
